#! /usr/bin/vvp
:ivl_version "11.0 (stable)";
:ivl_delay_selection "TYPICAL";
:vpi_time_precision + 0;
:vpi_module "/usr/lib/x86_64-linux-gnu/ivl/system.vpi";
:vpi_module "/usr/lib/x86_64-linux-gnu/ivl/vhdl_sys.vpi";
:vpi_module "/usr/lib/x86_64-linux-gnu/ivl/vhdl_textio.vpi";
:vpi_module "/usr/lib/x86_64-linux-gnu/ivl/v2005_math.vpi";
:vpi_module "/usr/lib/x86_64-linux-gnu/ivl/va_math.vpi";
S_0x5601c6388df0 .scope module, "fetch" "fetch" 2 5;
 .timescale 0 0;
o0x7f2fd62e8018 .functor BUFZ 32, C4<zzzzzzzzzzzzzzzzzzzzzzzzzzzzzzzz>; HiZ drive
v0x5601c63d8b70_0 .net "address_in", 31 0, o0x7f2fd62e8018;  0 drivers
v0x5601c63d8c50_0 .net "address_out", 31 0, v0x5601c63d8270_0;  1 drivers
o0x7f2fd62e8078 .functor BUFZ 8, C4<zzzzzzzz>; HiZ drive
v0x5601c63d8d20_0 .net "alu", 7 0, o0x7f2fd62e8078;  0 drivers
o0x7f2fd62e80a8 .functor BUFZ 1, C4<z>; HiZ drive
v0x5601c63d8e20_0 .net "aui", 0 0, o0x7f2fd62e80a8;  0 drivers
o0x7f2fd62e80d8 .functor BUFZ 1, C4<z>; HiZ drive
v0x5601c63d8ef0_0 .net "bnch1", 0 0, o0x7f2fd62e80d8;  0 drivers
o0x7f2fd62e8108 .functor BUFZ 1, C4<z>; HiZ drive
v0x5601c63d8f90_0 .net "branchsig", 0 0, o0x7f2fd62e8108;  0 drivers
o0x7f2fd62e8138 .functor BUFZ 1, C4<z>; HiZ drive
v0x5601c63d9060_0 .net "clk", 0 0, o0x7f2fd62e8138;  0 drivers
o0x7f2fd62e8168 .functor BUFZ 1, C4<z>; HiZ drive
v0x5601c63d9130_0 .net "j", 0 0, o0x7f2fd62e8168;  0 drivers
o0x7f2fd62e8198 .functor BUFZ 1, C4<z>; HiZ drive
v0x5601c63d9200_0 .net "jr", 0 0, o0x7f2fd62e8198;  0 drivers
o0x7f2fd62e81c8 .functor BUFZ 1, C4<z>; HiZ drive
v0x5601c63d9360_0 .net "rst", 0 0, o0x7f2fd62e81c8;  0 drivers
S_0x5601c6388f80 .scope module, "u_pcV" "pc" 2 24, 3 1 0, S_0x5601c6388df0;
 .timescale 0 0;
    .port_info 0 /INPUT 1 "clk";
    .port_info 1 /INPUT 1 "rst";
    .port_info 2 /INPUT 1 "branchsig";
    .port_info 3 /INPUT 1 "bnch1";
    .port_info 4 /INPUT 1 "jr";
    .port_info 5 /INPUT 1 "j";
    .port_info 6 /INPUT 1 "aui";
    .port_info 7 /INPUT 8 "alu";
    .port_info 8 /INPUT 32 "address_in";
    .port_info 9 /OUTPUT 32 "address_out";
v0x5601c638aba0_0 .net "address_in", 31 0, o0x7f2fd62e8018;  alias, 0 drivers
v0x5601c63d8270_0 .var "address_out", 31 0;
v0x5601c63d8350_0 .net "alu", 7 0, o0x7f2fd62e8078;  alias, 0 drivers
v0x5601c63d8410_0 .net "aui", 0 0, o0x7f2fd62e80a8;  alias, 0 drivers
v0x5601c63d84d0_0 .net "bnch1", 0 0, o0x7f2fd62e80d8;  alias, 0 drivers
v0x5601c63d85e0_0 .net "branchsig", 0 0, o0x7f2fd62e8108;  alias, 0 drivers
v0x5601c63d86a0_0 .net "clk", 0 0, o0x7f2fd62e8138;  alias, 0 drivers
v0x5601c63d8760_0 .net "j", 0 0, o0x7f2fd62e8168;  alias, 0 drivers
v0x5601c63d8820_0 .net "jr", 0 0, o0x7f2fd62e8198;  alias, 0 drivers
v0x5601c63d8970_0 .net "rst", 0 0, o0x7f2fd62e81c8;  alias, 0 drivers
E_0x5601c63c7030/0 .event negedge, v0x5601c63d8970_0;
E_0x5601c63c7030/1 .event posedge, v0x5601c63d86a0_0;
E_0x5601c63c7030 .event/or E_0x5601c63c7030/0, E_0x5601c63c7030/1;
    .scope S_0x5601c6388f80;
T_0 ;
    %wait E_0x5601c63c7030;
    %load/vec4 v0x5601c63d8970_0;
    %nor/r;
    %flag_set/vec4 8;
    %jmp/0xz  T_0.0, 8;
    %pushi/vec4 0, 0, 32;
    %assign/vec4 v0x5601c63d8270_0, 0;
    %jmp T_0.1;
T_0.0 ;
    %load/vec4 v0x5601c63d85e0_0;
    %flag_set/vec4 8;
    %load/vec4 v0x5601c63d84d0_0;
    %flag_set/vec4 9;
    %flag_or 9, 8;
    %jmp/0xz  T_0.2, 9;
    %load/vec4 v0x5601c63d8350_0;
    %pad/u 32;
    %store/vec4 v0x5601c63d8270_0, 0, 32;
    %jmp T_0.3;
T_0.2 ;
    %load/vec4 v0x5601c63d8820_0;
    %cmpi/e 1, 0, 1;
    %jmp/0xz  T_0.4, 4;
    %load/vec4 v0x5601c63d8350_0;
    %pad/u 32;
    %store/vec4 v0x5601c63d8270_0, 0, 32;
    %jmp T_0.5;
T_0.4 ;
    %load/vec4 v0x5601c63d8760_0;
    %cmpi/e 1, 0, 1;
    %jmp/0xz  T_0.6, 4;
    %load/vec4 v0x5601c63d8350_0;
    %pad/u 32;
    %store/vec4 v0x5601c63d8270_0, 0, 32;
    %jmp T_0.7;
T_0.6 ;
    %load/vec4 v0x5601c63d8410_0;
    %cmpi/e 1, 0, 1;
    %jmp/0xz  T_0.8, 4;
    %load/vec4 v0x5601c63d8350_0;
    %pad/u 32;
    %store/vec4 v0x5601c63d8270_0, 0, 32;
    %jmp T_0.9;
T_0.8 ;
    %load/vec4 v0x5601c63d8270_0;
    %addi 4, 0, 32;
    %assign/vec4 v0x5601c63d8270_0, 0;
T_0.9 ;
T_0.7 ;
T_0.5 ;
T_0.3 ;
T_0.1 ;
    %jmp T_0;
    .thread T_0;
# The file index is used to find the file name in the following table.
:file_names 4;
    "N/A";
    "<interactive>";
    "Fetch.v";
    "./pc.v";
