#! /usr/bin/vvp
:ivl_version "11.0 (stable)";
:ivl_delay_selection "TYPICAL";
:vpi_time_precision + 0;
:vpi_module "/usr/lib/x86_64-linux-gnu/ivl/system.vpi";
:vpi_module "/usr/lib/x86_64-linux-gnu/ivl/vhdl_sys.vpi";
:vpi_module "/usr/lib/x86_64-linux-gnu/ivl/vhdl_textio.vpi";
:vpi_module "/usr/lib/x86_64-linux-gnu/ivl/v2005_math.vpi";
:vpi_module "/usr/lib/x86_64-linux-gnu/ivl/va_math.vpi";
S_0x55d8be537d90 .scope module, "immgene" "immgene" 2 1;
 .timescale 0 0;
    .port_info 0 /INPUT 32 "instr";
    .port_info 1 /OUTPUT 32 "I";
    .port_info 2 /OUTPUT 32 "S";
    .port_info 3 /OUTPUT 32 "B";
v0x55d8be5397b0_0 .var "B", 31 0;
v0x55d8be539ba0_0 .var "I", 31 0;
v0x55d8be5831a0_0 .var "S", 31 0;
v0x55d8be583260_0 .var "i", 11 0;
o0x7f32230960d8 .functor BUFZ 32, C4<zzzzzzzzzzzzzzzzzzzzzzzzzzzzzzzz>; HiZ drive
v0x55d8be583340_0 .net "instr", 31 0, o0x7f32230960d8;  0 drivers
v0x55d8be583470_0 .var "s", 11 0;
E_0x55d8be570e10 .event edge, v0x55d8be583340_0, v0x55d8be583260_0, v0x55d8be583470_0;
    .scope S_0x55d8be537d90;
T_0 ;
    %wait E_0x55d8be570e10;
    %load/vec4 v0x55d8be583340_0;
    %parti/s 12, 20, 6;
    %store/vec4 v0x55d8be583260_0, 0, 12;
    %load/vec4 v0x55d8be583260_0;
    %parti/s 1, 11, 5;
    %replicate 20;
    %load/vec4 v0x55d8be583260_0;
    %concat/vec4; draw_concat_vec4
    %store/vec4 v0x55d8be539ba0_0, 0, 32;
    %load/vec4 v0x55d8be583340_0;
    %parti/s 5, 7, 4;
    %ix/load 4, 0, 0;
    %flag_set/imm 4, 0;
    %store/vec4 v0x55d8be583470_0, 4, 5;
    %load/vec4 v0x55d8be583340_0;
    %parti/s 7, 25, 6;
    %ix/load 4, 5, 0;
    %flag_set/imm 4, 0;
    %store/vec4 v0x55d8be583470_0, 4, 7;
    %load/vec4 v0x55d8be583470_0;
    %parti/s 1, 11, 5;
    %replicate 20;
    %load/vec4 v0x55d8be583470_0;
    %concat/vec4; draw_concat_vec4
    %store/vec4 v0x55d8be5831a0_0, 0, 32;
    %load/vec4 v0x55d8be583340_0;
    %parti/s 1, 31, 6;
    %replicate 19;
    %load/vec4 v0x55d8be583340_0;
    %parti/s 1, 31, 6;
    %concat/vec4; draw_concat_vec4
    %load/vec4 v0x55d8be583340_0;
    %parti/s 1, 7, 4;
    %concat/vec4; draw_concat_vec4
    %load/vec4 v0x55d8be583340_0;
    %parti/s 6, 25, 6;
    %concat/vec4; draw_concat_vec4
    %load/vec4 v0x55d8be583340_0;
    %parti/s 4, 8, 5;
    %concat/vec4; draw_concat_vec4
    %concati/vec4 0, 0, 1;
    %store/vec4 v0x55d8be5397b0_0, 0, 32;
    %jmp T_0;
    .thread T_0, $push;
# The file index is used to find the file name in the following table.
:file_names 3;
    "N/A";
    "<interactive>";
    "imm_gen.v";
