#! /usr/bin/vvp
:ivl_version "11.0 (stable)";
:ivl_delay_selection "TYPICAL";
:vpi_time_precision + 0;
:vpi_module "/usr/lib/x86_64-linux-gnu/ivl/system.vpi";
:vpi_module "/usr/lib/x86_64-linux-gnu/ivl/vhdl_sys.vpi";
:vpi_module "/usr/lib/x86_64-linux-gnu/ivl/vhdl_textio.vpi";
:vpi_module "/usr/lib/x86_64-linux-gnu/ivl/v2005_math.vpi";
:vpi_module "/usr/lib/x86_64-linux-gnu/ivl/va_math.vpi";
S_0x55fc85c1ed90 .scope module, "memory" "memory" 2 3;
 .timescale 0 0;
o0x7f7d6c8e8018 .functor BUFZ 1, C4<z>; HiZ drive
v0x55fc85c85440_0 .net "Load", 0 0, o0x7f7d6c8e8018;  0 drivers
o0x7f7d6c8e8048 .functor BUFZ 2, C4<zz>; HiZ drive
v0x55fc85c85500_0 .net "byteadd", 1 0, o0x7f7d6c8e8048;  0 drivers
o0x7f7d6c8e8078 .functor BUFZ 32, C4<zzzzzzzzzzzzzzzzzzzzzzzzzzzzzzzz>; HiZ drive
v0x55fc85c855a0_0 .net "data_i", 31 0, o0x7f7d6c8e8078;  0 drivers
v0x55fc85c85640_0 .net "data_o", 31 0, v0x55fc85c84db0_0;  1 drivers
o0x7f7d6c8e80d8 .functor BUFZ 3, C4<zzz>; HiZ drive
v0x55fc85c856e0_0 .net "fun3", 2 0, o0x7f7d6c8e80d8;  0 drivers
v0x55fc85c85780_0 .net "masking", 3 0, v0x55fc85c84fc0_0;  1 drivers
o0x7f7d6c8e8138 .functor BUFZ 1, C4<z>; HiZ drive
v0x55fc85c85850_0 .net "mem_en", 0 0, o0x7f7d6c8e8138;  0 drivers
o0x7f7d6c8e8168 .functor BUFZ 32, C4<zzzzzzzzzzzzzzzzzzzzzzzzzzzzzzzz>; HiZ drive
v0x55fc85c85920_0 .net "wrap_load_in", 31 0, o0x7f7d6c8e8168;  0 drivers
v0x55fc85c859f0_0 .net "wrap_load_out", 31 0, v0x55fc85c85240_0;  1 drivers
S_0x55fc85c1ef20 .scope module, "u_wrapper" "wrappermem" 2 17, 3 1 0, S_0x55fc85c1ed90;
 .timescale 0 0;
    .port_info 0 /INPUT 32 "data_i";
    .port_info 1 /INPUT 2 "byteadd";
    .port_info 2 /INPUT 3 "fun3";
    .port_info 3 /INPUT 1 "mem_en";
    .port_info 4 /INPUT 1 "Load";
    .port_info 5 /INPUT 32 "wrap_load_in";
    .port_info 6 /OUTPUT 4 "masking";
    .port_info 7 /OUTPUT 32 "data_o";
    .port_info 8 /OUTPUT 32 "wrap_load_out";
v0x55fc85c20ba0_0 .net "Load", 0 0, o0x7f7d6c8e8018;  alias, 0 drivers
v0x55fc85c84c10_0 .net "byteadd", 1 0, o0x7f7d6c8e8048;  alias, 0 drivers
v0x55fc85c84cf0_0 .net "data_i", 31 0, o0x7f7d6c8e8078;  alias, 0 drivers
v0x55fc85c84db0_0 .var "data_o", 31 0;
v0x55fc85c84e90_0 .net "fun3", 2 0, o0x7f7d6c8e80d8;  alias, 0 drivers
v0x55fc85c84fc0_0 .var "masking", 3 0;
v0x55fc85c850a0_0 .net "mem_en", 0 0, o0x7f7d6c8e8138;  alias, 0 drivers
v0x55fc85c85160_0 .net "wrap_load_in", 31 0, o0x7f7d6c8e8168;  alias, 0 drivers
v0x55fc85c85240_0 .var "wrap_load_out", 31 0;
E_0x55fc85c6caa0/0 .event edge, v0x55fc85c850a0_0, v0x55fc85c84e90_0, v0x55fc85c84c10_0, v0x55fc85c84cf0_0;
E_0x55fc85c6caa0/1 .event edge, v0x55fc85c20ba0_0, v0x55fc85c85160_0;
E_0x55fc85c6caa0 .event/or E_0x55fc85c6caa0/0, E_0x55fc85c6caa0/1;
    .scope S_0x55fc85c1ef20;
T_0 ;
    %wait E_0x55fc85c6caa0;
    %load/vec4 v0x55fc85c850a0_0;
    %flag_set/vec4 8;
    %jmp/0xz  T_0.0, 8;
    %pushi/vec4 0, 0, 4;
    %store/vec4 v0x55fc85c84fc0_0, 0, 4;
    %load/vec4 v0x55fc85c84e90_0;
    %cmpi/e 0, 0, 3;
    %jmp/0xz  T_0.2, 4;
    %load/vec4 v0x55fc85c84c10_0;
    %pad/u 4;
    %dup/vec4;
    %pushi/vec4 0, 0, 4;
    %cmp/u;
    %jmp/1 T_0.4, 6;
    %dup/vec4;
    %pushi/vec4 1, 0, 4;
    %cmp/u;
    %jmp/1 T_0.5, 6;
    %dup/vec4;
    %pushi/vec4 10, 0, 4;
    %cmp/u;
    %jmp/1 T_0.6, 6;
    %dup/vec4;
    %pushi/vec4 11, 0, 4;
    %cmp/u;
    %jmp/1 T_0.7, 6;
    %jmp T_0.8;
T_0.4 ;
    %pushi/vec4 1, 0, 4;
    %store/vec4 v0x55fc85c84fc0_0, 0, 4;
    %load/vec4 v0x55fc85c84cf0_0;
    %store/vec4 v0x55fc85c84db0_0, 0, 32;
    %jmp T_0.8;
T_0.5 ;
    %pushi/vec4 2, 0, 4;
    %store/vec4 v0x55fc85c84fc0_0, 0, 4;
    %load/vec4 v0x55fc85c84cf0_0;
    %parti/s 16, 16, 6;
    %load/vec4 v0x55fc85c84cf0_0;
    %parti/s 8, 0, 2;
    %concat/vec4; draw_concat_vec4
    %load/vec4 v0x55fc85c84cf0_0;
    %parti/s 8, 0, 2;
    %concat/vec4; draw_concat_vec4
    %store/vec4 v0x55fc85c84db0_0, 0, 32;
    %jmp T_0.8;
T_0.6 ;
    %pushi/vec4 4, 0, 4;
    %store/vec4 v0x55fc85c84fc0_0, 0, 4;
    %load/vec4 v0x55fc85c84cf0_0;
    %parti/s 8, 24, 6;
    %load/vec4 v0x55fc85c84cf0_0;
    %parti/s 8, 0, 2;
    %concat/vec4; draw_concat_vec4
    %load/vec4 v0x55fc85c84cf0_0;
    %parti/s 16, 0, 2;
    %concat/vec4; draw_concat_vec4
    %store/vec4 v0x55fc85c84db0_0, 0, 32;
    %jmp T_0.8;
T_0.7 ;
    %pushi/vec4 8, 0, 4;
    %store/vec4 v0x55fc85c84fc0_0, 0, 4;
    %load/vec4 v0x55fc85c84cf0_0;
    %parti/s 8, 0, 2;
    %load/vec4 v0x55fc85c84cf0_0;
    %parti/s 24, 0, 2;
    %concat/vec4; draw_concat_vec4
    %store/vec4 v0x55fc85c84db0_0, 0, 32;
    %jmp T_0.8;
T_0.8 ;
    %pop/vec4 1;
T_0.2 ;
    %load/vec4 v0x55fc85c84e90_0;
    %cmpi/e 1, 0, 3;
    %jmp/0xz  T_0.9, 4;
    %load/vec4 v0x55fc85c84c10_0;
    %pad/u 4;
    %dup/vec4;
    %pushi/vec4 0, 0, 4;
    %cmp/u;
    %jmp/1 T_0.11, 6;
    %dup/vec4;
    %pushi/vec4 1, 0, 4;
    %cmp/u;
    %jmp/1 T_0.12, 6;
    %dup/vec4;
    %pushi/vec4 10, 0, 4;
    %cmp/u;
    %jmp/1 T_0.13, 6;
    %jmp T_0.14;
T_0.11 ;
    %pushi/vec4 3, 0, 4;
    %store/vec4 v0x55fc85c84fc0_0, 0, 4;
    %load/vec4 v0x55fc85c84cf0_0;
    %store/vec4 v0x55fc85c84db0_0, 0, 32;
    %jmp T_0.14;
T_0.12 ;
    %pushi/vec4 6, 0, 4;
    %store/vec4 v0x55fc85c84fc0_0, 0, 4;
    %load/vec4 v0x55fc85c84cf0_0;
    %parti/s 8, 24, 6;
    %load/vec4 v0x55fc85c84cf0_0;
    %parti/s 16, 0, 2;
    %concat/vec4; draw_concat_vec4
    %load/vec4 v0x55fc85c84cf0_0;
    %parti/s 8, 0, 2;
    %concat/vec4; draw_concat_vec4
    %store/vec4 v0x55fc85c84db0_0, 0, 32;
    %jmp T_0.14;
T_0.13 ;
    %pushi/vec4 12, 0, 4;
    %store/vec4 v0x55fc85c84fc0_0, 0, 4;
    %load/vec4 v0x55fc85c84cf0_0;
    %parti/s 16, 0, 2;
    %load/vec4 v0x55fc85c84cf0_0;
    %parti/s 16, 0, 2;
    %concat/vec4; draw_concat_vec4
    %store/vec4 v0x55fc85c84db0_0, 0, 32;
    %jmp T_0.14;
T_0.14 ;
    %pop/vec4 1;
T_0.9 ;
    %load/vec4 v0x55fc85c84e90_0;
    %cmpi/e 2, 0, 3;
    %jmp/0xz  T_0.15, 4;
    %pushi/vec4 15, 0, 4;
    %store/vec4 v0x55fc85c84fc0_0, 0, 4;
    %load/vec4 v0x55fc85c84cf0_0;
    %store/vec4 v0x55fc85c84db0_0, 0, 32;
T_0.15 ;
T_0.0 ;
    %load/vec4 v0x55fc85c20ba0_0;
    %flag_set/vec4 8;
    %jmp/0xz  T_0.17, 8;
    %load/vec4 v0x55fc85c84e90_0;
    %cmpi/e 0, 0, 3;
    %jmp/0xz  T_0.19, 4;
    %load/vec4 v0x55fc85c84c10_0;
    %pad/u 4;
    %dup/vec4;
    %pushi/vec4 0, 0, 4;
    %cmp/u;
    %jmp/1 T_0.21, 6;
    %dup/vec4;
    %pushi/vec4 1, 0, 4;
    %cmp/u;
    %jmp/1 T_0.22, 6;
    %dup/vec4;
    %pushi/vec4 10, 0, 4;
    %cmp/u;
    %jmp/1 T_0.23, 6;
    %dup/vec4;
    %pushi/vec4 11, 0, 4;
    %cmp/u;
    %jmp/1 T_0.24, 6;
    %jmp T_0.25;
T_0.21 ;
    %load/vec4 v0x55fc85c85160_0;
    %parti/s 1, 7, 4;
    %replicate 24;
    %load/vec4 v0x55fc85c85160_0;
    %parti/s 8, 0, 2;
    %concat/vec4; draw_concat_vec4
    %store/vec4 v0x55fc85c85240_0, 0, 32;
    %jmp T_0.25;
T_0.22 ;
    %load/vec4 v0x55fc85c85160_0;
    %parti/s 1, 15, 5;
    %replicate 24;
    %load/vec4 v0x55fc85c85160_0;
    %parti/s 8, 8, 5;
    %concat/vec4; draw_concat_vec4
    %store/vec4 v0x55fc85c85240_0, 0, 32;
    %jmp T_0.25;
T_0.23 ;
    %load/vec4 v0x55fc85c85160_0;
    %parti/s 1, 23, 6;
    %replicate 24;
    %load/vec4 v0x55fc85c85160_0;
    %parti/s 8, 16, 6;
    %concat/vec4; draw_concat_vec4
    %store/vec4 v0x55fc85c85240_0, 0, 32;
    %jmp T_0.25;
T_0.24 ;
    %load/vec4 v0x55fc85c85160_0;
    %parti/s 1, 31, 6;
    %replicate 24;
    %load/vec4 v0x55fc85c85160_0;
    %parti/s 8, 24, 6;
    %concat/vec4; draw_concat_vec4
    %store/vec4 v0x55fc85c85240_0, 0, 32;
    %jmp T_0.25;
T_0.25 ;
    %pop/vec4 1;
T_0.19 ;
    %load/vec4 v0x55fc85c84e90_0;
    %cmpi/e 1, 0, 3;
    %jmp/0xz  T_0.26, 4;
    %load/vec4 v0x55fc85c84c10_0;
    %pad/u 4;
    %dup/vec4;
    %pushi/vec4 0, 0, 4;
    %cmp/u;
    %jmp/1 T_0.28, 6;
    %dup/vec4;
    %pushi/vec4 1, 0, 4;
    %cmp/u;
    %jmp/1 T_0.29, 6;
    %dup/vec4;
    %pushi/vec4 10, 0, 4;
    %cmp/u;
    %jmp/1 T_0.30, 6;
    %jmp T_0.31;
T_0.28 ;
    %load/vec4 v0x55fc85c85160_0;
    %parti/s 1, 15, 5;
    %replicate 16;
    %load/vec4 v0x55fc85c85160_0;
    %parti/s 16, 0, 2;
    %concat/vec4; draw_concat_vec4
    %store/vec4 v0x55fc85c85240_0, 0, 32;
    %jmp T_0.31;
T_0.29 ;
    %load/vec4 v0x55fc85c85160_0;
    %parti/s 1, 23, 6;
    %replicate 16;
    %load/vec4 v0x55fc85c85160_0;
    %parti/s 16, 8, 5;
    %concat/vec4; draw_concat_vec4
    %store/vec4 v0x55fc85c85240_0, 0, 32;
    %jmp T_0.31;
T_0.30 ;
    %load/vec4 v0x55fc85c85160_0;
    %parti/s 1, 31, 6;
    %replicate 16;
    %load/vec4 v0x55fc85c85160_0;
    %parti/s 16, 16, 6;
    %concat/vec4; draw_concat_vec4
    %store/vec4 v0x55fc85c85240_0, 0, 32;
    %jmp T_0.31;
T_0.31 ;
    %pop/vec4 1;
T_0.26 ;
    %load/vec4 v0x55fc85c84e90_0;
    %cmpi/e 2, 0, 3;
    %jmp/0xz  T_0.32, 4;
    %load/vec4 v0x55fc85c85160_0;
    %store/vec4 v0x55fc85c85240_0, 0, 32;
T_0.32 ;
    %load/vec4 v0x55fc85c84e90_0;
    %cmpi/e 4, 0, 3;
    %jmp/0xz  T_0.34, 4;
    %load/vec4 v0x55fc85c84c10_0;
    %pad/u 4;
    %dup/vec4;
    %pushi/vec4 0, 0, 4;
    %cmp/u;
    %jmp/1 T_0.36, 6;
    %dup/vec4;
    %pushi/vec4 1, 0, 4;
    %cmp/u;
    %jmp/1 T_0.37, 6;
    %dup/vec4;
    %pushi/vec4 10, 0, 4;
    %cmp/u;
    %jmp/1 T_0.38, 6;
    %dup/vec4;
    %pushi/vec4 11, 0, 4;
    %cmp/u;
    %jmp/1 T_0.39, 6;
    %jmp T_0.40;
T_0.36 ;
    %pushi/vec4 0, 0, 24;
    %load/vec4 v0x55fc85c85160_0;
    %parti/s 8, 0, 2;
    %concat/vec4; draw_concat_vec4
    %store/vec4 v0x55fc85c85240_0, 0, 32;
    %jmp T_0.40;
T_0.37 ;
    %pushi/vec4 0, 0, 24;
    %load/vec4 v0x55fc85c85160_0;
    %parti/s 8, 8, 5;
    %concat/vec4; draw_concat_vec4
    %store/vec4 v0x55fc85c85240_0, 0, 32;
    %jmp T_0.40;
T_0.38 ;
    %pushi/vec4 0, 0, 24;
    %load/vec4 v0x55fc85c85160_0;
    %parti/s 8, 16, 6;
    %concat/vec4; draw_concat_vec4
    %store/vec4 v0x55fc85c85240_0, 0, 32;
    %jmp T_0.40;
T_0.39 ;
    %pushi/vec4 0, 0, 24;
    %load/vec4 v0x55fc85c85160_0;
    %parti/s 8, 24, 6;
    %concat/vec4; draw_concat_vec4
    %store/vec4 v0x55fc85c85240_0, 0, 32;
    %jmp T_0.40;
T_0.40 ;
    %pop/vec4 1;
T_0.34 ;
    %load/vec4 v0x55fc85c84e90_0;
    %cmpi/e 5, 0, 3;
    %jmp/0xz  T_0.41, 4;
    %load/vec4 v0x55fc85c84c10_0;
    %pad/u 4;
    %dup/vec4;
    %pushi/vec4 0, 0, 4;
    %cmp/u;
    %jmp/1 T_0.43, 6;
    %dup/vec4;
    %pushi/vec4 1, 0, 4;
    %cmp/u;
    %jmp/1 T_0.44, 6;
    %dup/vec4;
    %pushi/vec4 10, 0, 4;
    %cmp/u;
    %jmp/1 T_0.45, 6;
    %jmp T_0.46;
T_0.43 ;
    %pushi/vec4 0, 0, 16;
    %load/vec4 v0x55fc85c85160_0;
    %parti/s 16, 0, 2;
    %concat/vec4; draw_concat_vec4
    %store/vec4 v0x55fc85c85240_0, 0, 32;
    %jmp T_0.46;
T_0.44 ;
    %pushi/vec4 0, 0, 16;
    %load/vec4 v0x55fc85c85160_0;
    %parti/s 16, 8, 5;
    %concat/vec4; draw_concat_vec4
    %store/vec4 v0x55fc85c85240_0, 0, 32;
    %jmp T_0.46;
T_0.45 ;
    %pushi/vec4 0, 0, 16;
    %load/vec4 v0x55fc85c85160_0;
    %parti/s 16, 16, 6;
    %concat/vec4; draw_concat_vec4
    %store/vec4 v0x55fc85c85240_0, 0, 32;
    %jmp T_0.46;
T_0.46 ;
    %pop/vec4 1;
T_0.41 ;
    %load/vec4 v0x55fc85c84e90_0;
    %cmpi/e 6, 0, 3;
    %jmp/0xz  T_0.47, 4;
    %load/vec4 v0x55fc85c85160_0;
    %store/vec4 v0x55fc85c85240_0, 0, 32;
T_0.47 ;
T_0.17 ;
    %jmp T_0;
    .thread T_0, $push;
# The file index is used to find the file name in the following table.
:file_names 4;
    "N/A";
    "<interactive>";
    "memory.v";
    "./wrapmem.v";
