#! /usr/bin/vvp
:ivl_version "11.0 (stable)";
:ivl_delay_selection "TYPICAL";
:vpi_time_precision + 0;
:vpi_module "/usr/lib/x86_64-linux-gnu/ivl/system.vpi";
:vpi_module "/usr/lib/x86_64-linux-gnu/ivl/vhdl_sys.vpi";
:vpi_module "/usr/lib/x86_64-linux-gnu/ivl/vhdl_textio.vpi";
:vpi_module "/usr/lib/x86_64-linux-gnu/ivl/v2005_math.vpi";
:vpi_module "/usr/lib/x86_64-linux-gnu/ivl/va_math.vpi";
S_0x555f465abde0 .scope module, "register" "register" 2 1;
 .timescale 0 0;
    .port_info 0 /INPUT 5 "rs1addr";
    .port_info 1 /INPUT 5 "rs2addr";
    .port_info 2 /INPUT 5 "rdaddr";
    .port_info 3 /INPUT 1 "clk";
    .port_info 4 /INPUT 1 "enable";
    .port_info 5 /INPUT 1 "reset";
    .port_info 6 /INPUT 32 "data";
    .port_info 7 /OUTPUT 32 "opa";
    .port_info 8 /OUTPUT 32 "opb";
o0x7f94526ac018 .functor BUFZ 1, C4<z>; HiZ drive
v0x555f465ad7b0_0 .net "clk", 0 0, o0x7f94526ac018;  0 drivers
o0x7f94526ac048 .functor BUFZ 32, C4<zzzzzzzzzzzzzzzzzzzzzzzzzzzzzzzz>; HiZ drive
v0x555f465adba0_0 .net "data", 31 0, o0x7f94526ac048;  0 drivers
o0x7f94526ac078 .functor BUFZ 1, C4<z>; HiZ drive
v0x555f465f5a50_0 .net "enable", 0 0, o0x7f94526ac078;  0 drivers
o0x7f94526ac0a8 .functor BUFZ 32, C4<zzzzzzzzzzzzzzzzzzzzzzzzzzzzzzzz>; HiZ drive
v0x555f465f5af0_0 .net "opa", 31 0, o0x7f94526ac0a8;  0 drivers
o0x7f94526ac0d8 .functor BUFZ 32, C4<zzzzzzzzzzzzzzzzzzzzzzzzzzzzzzzz>; HiZ drive
v0x555f465f5bd0_0 .net "opb", 31 0, o0x7f94526ac0d8;  0 drivers
v0x555f465f5d00 .array "rd", 0 31, 31 0;
o0x7f94526ac108 .functor BUFZ 5, C4<zzzzz>; HiZ drive
v0x555f465f5dc0_0 .net "rdaddr", 4 0, o0x7f94526ac108;  0 drivers
o0x7f94526ac138 .functor BUFZ 1, C4<z>; HiZ drive
v0x555f465f5ea0_0 .net "reset", 0 0, o0x7f94526ac138;  0 drivers
o0x7f94526ac168 .functor BUFZ 5, C4<zzzzz>; HiZ drive
v0x555f465f5f60_0 .net "rs1addr", 4 0, o0x7f94526ac168;  0 drivers
o0x7f94526ac198 .functor BUFZ 5, C4<zzzzz>; HiZ drive
v0x555f465f6040_0 .net "rs2addr", 4 0, o0x7f94526ac198;  0 drivers
E_0x555f465e5090 .event posedge, v0x555f465ad7b0_0;
    .scope S_0x555f465abde0;
T_0 ;
    %wait E_0x555f465e5090;
    %load/vec4 v0x555f465f5ea0_0;
    %flag_set/vec4 8;
    %jmp/0xz  T_0.0, 8;
    %pushi/vec4 0, 0, 32;
    %load/vec4 v0x555f465f5dc0_0;
    %pad/u 7;
    %ix/vec4 3;
    %ix/load 4, 0, 0; Constant delay
    %assign/vec4/a/d v0x555f465f5d00, 0, 4;
    %jmp T_0.1;
T_0.0 ;
    %load/vec4 v0x555f465adba0_0;
    %load/vec4 v0x555f465f5dc0_0;
    %pad/u 7;
    %ix/vec4 3;
    %ix/load 4, 0, 0; Constant delay
    %assign/vec4/a/d v0x555f465f5d00, 0, 4;
T_0.1 ;
    %jmp T_0;
    .thread T_0;
# The file index is used to find the file name in the following table.
:file_names 3;
    "N/A";
    "<interactive>";
    "register.v";
