#! /usr/bin/vvp
:ivl_version "11.0 (stable)";
:ivl_delay_selection "TYPICAL";
:vpi_time_precision + 0;
:vpi_module "/usr/lib/x86_64-linux-gnu/ivl/system.vpi";
:vpi_module "/usr/lib/x86_64-linux-gnu/ivl/vhdl_sys.vpi";
:vpi_module "/usr/lib/x86_64-linux-gnu/ivl/vhdl_textio.vpi";
:vpi_module "/usr/lib/x86_64-linux-gnu/ivl/v2005_math.vpi";
:vpi_module "/usr/lib/x86_64-linux-gnu/ivl/va_math.vpi";
S_0x55d7349a5d50 .scope module, "decode_tb" "decode_tb" 2 1;
 .timescale 0 0;
v0x55d734a04250_0 .net "branch_tb", 0 0, v0x55d7349a7ba0_0;  1 drivers
v0x55d734a04310_0 .net "itype_tb", 0 0, v0x55d734a03ae0_0;  1 drivers
v0x55d734a043e0_0 .net "jal_tb", 0 0, v0x55d734a03ba0_0;  1 drivers
v0x55d734a044e0_0 .net "jalr_tb", 0 0, v0x55d734a03c40_0;  1 drivers
v0x55d734a045b0_0 .net "load_tb", 0 0, v0x55d734a03d00_0;  1 drivers
v0x55d734a04650_0 .net "lui_tb", 0 0, v0x55d734a03e10_0;  1 drivers
v0x55d734a04720_0 .var "opcode_tb", 6 0;
v0x55d734a047f0_0 .net "r_tb", 0 0, v0x55d734a03fb0_0;  1 drivers
v0x55d734a048c0_0 .net "store_tb", 0 0, v0x55d734a04070_0;  1 drivers
S_0x55d7349a5ee0 .scope module, "u_typedec1" "decode" 2 13, 3 1 0, S_0x55d7349a5d50;
 .timescale 0 0;
    .port_info 0 /INPUT 7 "opcode";
    .port_info 1 /OUTPUT 1 "r";
    .port_info 2 /OUTPUT 1 "load";
    .port_info 3 /OUTPUT 1 "store";
    .port_info 4 /OUTPUT 1 "branch";
    .port_info 5 /OUTPUT 1 "itype";
    .port_info 6 /OUTPUT 1 "jalr";
    .port_info 7 /OUTPUT 1 "jal";
    .port_info 8 /OUTPUT 1 "lui";
v0x55d7349a7ba0_0 .var "branch", 0 0;
v0x55d734a03ae0_0 .var "itype", 0 0;
v0x55d734a03ba0_0 .var "jal", 0 0;
v0x55d734a03c40_0 .var "jalr", 0 0;
v0x55d734a03d00_0 .var "load", 0 0;
v0x55d734a03e10_0 .var "lui", 0 0;
v0x55d734a03ed0_0 .net "opcode", 6 0, v0x55d734a04720_0;  1 drivers
v0x55d734a03fb0_0 .var "r", 0 0;
v0x55d734a04070_0 .var "store", 0 0;
E_0x55d7349e2f70 .event edge, v0x55d734a03ed0_0;
    .scope S_0x55d7349a5ee0;
T_0 ;
    %wait E_0x55d7349e2f70;
    %load/vec4 v0x55d734a03ed0_0;
    %cmpi/e 51, 0, 7;
    %jmp/0xz  T_0.0, 4;
    %pushi/vec4 1, 0, 1;
    %store/vec4 v0x55d734a03fb0_0, 0, 1;
    %pushi/vec4 0, 0, 1;
    %store/vec4 v0x55d734a03d00_0, 0, 1;
    %pushi/vec4 0, 0, 1;
    %store/vec4 v0x55d734a04070_0, 0, 1;
    %pushi/vec4 0, 0, 1;
    %store/vec4 v0x55d7349a7ba0_0, 0, 1;
    %pushi/vec4 0, 0, 1;
    %store/vec4 v0x55d734a03ae0_0, 0, 1;
    %pushi/vec4 0, 0, 1;
    %store/vec4 v0x55d734a03c40_0, 0, 1;
    %pushi/vec4 0, 0, 1;
    %store/vec4 v0x55d734a03ba0_0, 0, 1;
    %pushi/vec4 0, 0, 1;
    %store/vec4 v0x55d734a03e10_0, 0, 1;
    %jmp T_0.1;
T_0.0 ;
    %load/vec4 v0x55d734a03ed0_0;
    %cmpi/e 3, 0, 7;
    %jmp/0xz  T_0.2, 4;
    %pushi/vec4 0, 0, 1;
    %store/vec4 v0x55d734a03fb0_0, 0, 1;
    %pushi/vec4 1, 0, 1;
    %store/vec4 v0x55d734a03d00_0, 0, 1;
    %pushi/vec4 0, 0, 1;
    %store/vec4 v0x55d734a04070_0, 0, 1;
    %pushi/vec4 0, 0, 1;
    %store/vec4 v0x55d7349a7ba0_0, 0, 1;
    %pushi/vec4 0, 0, 1;
    %store/vec4 v0x55d734a03ae0_0, 0, 1;
    %pushi/vec4 0, 0, 1;
    %store/vec4 v0x55d734a03c40_0, 0, 1;
    %pushi/vec4 0, 0, 1;
    %store/vec4 v0x55d734a03ba0_0, 0, 1;
    %pushi/vec4 0, 0, 1;
    %store/vec4 v0x55d734a03e10_0, 0, 1;
    %jmp T_0.3;
T_0.2 ;
    %load/vec4 v0x55d734a03ed0_0;
    %cmpi/e 35, 0, 7;
    %jmp/0xz  T_0.4, 4;
    %pushi/vec4 0, 0, 1;
    %store/vec4 v0x55d734a03fb0_0, 0, 1;
    %pushi/vec4 0, 0, 1;
    %store/vec4 v0x55d734a03d00_0, 0, 1;
    %pushi/vec4 1, 0, 1;
    %store/vec4 v0x55d734a04070_0, 0, 1;
    %pushi/vec4 0, 0, 1;
    %store/vec4 v0x55d7349a7ba0_0, 0, 1;
    %pushi/vec4 0, 0, 1;
    %store/vec4 v0x55d734a03ae0_0, 0, 1;
    %pushi/vec4 0, 0, 1;
    %store/vec4 v0x55d734a03c40_0, 0, 1;
    %pushi/vec4 0, 0, 1;
    %store/vec4 v0x55d734a03ba0_0, 0, 1;
    %pushi/vec4 0, 0, 1;
    %store/vec4 v0x55d734a03e10_0, 0, 1;
    %jmp T_0.5;
T_0.4 ;
    %load/vec4 v0x55d734a03ed0_0;
    %cmpi/e 99, 0, 7;
    %jmp/0xz  T_0.6, 4;
    %pushi/vec4 0, 0, 1;
    %store/vec4 v0x55d734a03fb0_0, 0, 1;
    %pushi/vec4 0, 0, 1;
    %store/vec4 v0x55d734a03d00_0, 0, 1;
    %pushi/vec4 0, 0, 1;
    %store/vec4 v0x55d734a04070_0, 0, 1;
    %pushi/vec4 1, 0, 1;
    %store/vec4 v0x55d7349a7ba0_0, 0, 1;
    %pushi/vec4 0, 0, 1;
    %store/vec4 v0x55d734a03ae0_0, 0, 1;
    %pushi/vec4 0, 0, 1;
    %store/vec4 v0x55d734a03c40_0, 0, 1;
    %pushi/vec4 0, 0, 1;
    %store/vec4 v0x55d734a03ba0_0, 0, 1;
    %pushi/vec4 0, 0, 1;
    %store/vec4 v0x55d734a03e10_0, 0, 1;
    %jmp T_0.7;
T_0.6 ;
    %load/vec4 v0x55d734a03ed0_0;
    %cmpi/e 19, 0, 7;
    %jmp/0xz  T_0.8, 4;
    %pushi/vec4 0, 0, 1;
    %store/vec4 v0x55d734a03fb0_0, 0, 1;
    %pushi/vec4 0, 0, 1;
    %store/vec4 v0x55d734a03d00_0, 0, 1;
    %pushi/vec4 0, 0, 1;
    %store/vec4 v0x55d734a04070_0, 0, 1;
    %pushi/vec4 0, 0, 1;
    %store/vec4 v0x55d7349a7ba0_0, 0, 1;
    %pushi/vec4 1, 0, 1;
    %store/vec4 v0x55d734a03ae0_0, 0, 1;
    %pushi/vec4 0, 0, 1;
    %store/vec4 v0x55d734a03c40_0, 0, 1;
    %pushi/vec4 0, 0, 1;
    %store/vec4 v0x55d734a03ba0_0, 0, 1;
    %pushi/vec4 0, 0, 1;
    %store/vec4 v0x55d734a03e10_0, 0, 1;
    %jmp T_0.9;
T_0.8 ;
    %load/vec4 v0x55d734a03ed0_0;
    %cmpi/e 55, 0, 7;
    %jmp/0xz  T_0.10, 4;
    %pushi/vec4 0, 0, 1;
    %store/vec4 v0x55d734a03fb0_0, 0, 1;
    %pushi/vec4 0, 0, 1;
    %store/vec4 v0x55d734a03d00_0, 0, 1;
    %pushi/vec4 0, 0, 1;
    %store/vec4 v0x55d734a04070_0, 0, 1;
    %pushi/vec4 0, 0, 1;
    %store/vec4 v0x55d7349a7ba0_0, 0, 1;
    %pushi/vec4 0, 0, 1;
    %store/vec4 v0x55d734a03ae0_0, 0, 1;
    %pushi/vec4 1, 0, 1;
    %store/vec4 v0x55d734a03c40_0, 0, 1;
    %pushi/vec4 0, 0, 1;
    %store/vec4 v0x55d734a03ba0_0, 0, 1;
    %pushi/vec4 0, 0, 1;
    %store/vec4 v0x55d734a03e10_0, 0, 1;
    %jmp T_0.11;
T_0.10 ;
    %load/vec4 v0x55d734a03ed0_0;
    %cmpi/e 111, 0, 7;
    %jmp/0xz  T_0.12, 4;
    %pushi/vec4 0, 0, 1;
    %store/vec4 v0x55d734a03fb0_0, 0, 1;
    %pushi/vec4 0, 0, 1;
    %store/vec4 v0x55d734a03d00_0, 0, 1;
    %pushi/vec4 0, 0, 1;
    %store/vec4 v0x55d734a04070_0, 0, 1;
    %pushi/vec4 0, 0, 1;
    %store/vec4 v0x55d7349a7ba0_0, 0, 1;
    %pushi/vec4 0, 0, 1;
    %store/vec4 v0x55d734a03ae0_0, 0, 1;
    %pushi/vec4 0, 0, 1;
    %store/vec4 v0x55d734a03c40_0, 0, 1;
    %pushi/vec4 1, 0, 1;
    %store/vec4 v0x55d734a03ba0_0, 0, 1;
    %pushi/vec4 0, 0, 1;
    %store/vec4 v0x55d734a03e10_0, 0, 1;
    %jmp T_0.13;
T_0.12 ;
    %load/vec4 v0x55d734a03ed0_0;
    %cmpi/e 55, 0, 7;
    %jmp/0xz  T_0.14, 4;
    %pushi/vec4 0, 0, 1;
    %store/vec4 v0x55d734a03fb0_0, 0, 1;
    %pushi/vec4 0, 0, 1;
    %store/vec4 v0x55d734a03d00_0, 0, 1;
    %pushi/vec4 0, 0, 1;
    %store/vec4 v0x55d734a04070_0, 0, 1;
    %pushi/vec4 0, 0, 1;
    %store/vec4 v0x55d7349a7ba0_0, 0, 1;
    %pushi/vec4 0, 0, 1;
    %store/vec4 v0x55d734a03ae0_0, 0, 1;
    %pushi/vec4 0, 0, 1;
    %store/vec4 v0x55d734a03c40_0, 0, 1;
    %pushi/vec4 0, 0, 1;
    %store/vec4 v0x55d734a03ba0_0, 0, 1;
    %pushi/vec4 1, 0, 1;
    %store/vec4 v0x55d734a03e10_0, 0, 1;
    %jmp T_0.15;
T_0.14 ;
    %pushi/vec4 0, 0, 1;
    %store/vec4 v0x55d734a03fb0_0, 0, 1;
    %pushi/vec4 0, 0, 1;
    %store/vec4 v0x55d734a03d00_0, 0, 1;
    %pushi/vec4 0, 0, 1;
    %store/vec4 v0x55d734a04070_0, 0, 1;
    %pushi/vec4 0, 0, 1;
    %store/vec4 v0x55d7349a7ba0_0, 0, 1;
    %pushi/vec4 0, 0, 1;
    %store/vec4 v0x55d734a03ae0_0, 0, 1;
    %pushi/vec4 0, 0, 1;
    %store/vec4 v0x55d734a03c40_0, 0, 1;
    %pushi/vec4 0, 0, 1;
    %store/vec4 v0x55d734a03ba0_0, 0, 1;
    %pushi/vec4 0, 0, 1;
    %store/vec4 v0x55d734a03e10_0, 0, 1;
T_0.15 ;
T_0.13 ;
T_0.11 ;
T_0.9 ;
T_0.7 ;
T_0.5 ;
T_0.3 ;
T_0.1 ;
    %jmp T_0;
    .thread T_0, $push;
    .scope S_0x55d7349a5d50;
T_1 ;
    %delay 10, 0;
    %pushi/vec4 51, 0, 7;
    %store/vec4 v0x55d734a04720_0, 0, 7;
    %delay 10, 0;
    %pushi/vec4 3, 0, 7;
    %store/vec4 v0x55d734a04720_0, 0, 7;
    %delay 10, 0;
    %pushi/vec4 35, 0, 7;
    %store/vec4 v0x55d734a04720_0, 0, 7;
    %delay 10, 0;
    %pushi/vec4 99, 0, 7;
    %store/vec4 v0x55d734a04720_0, 0, 7;
    %delay 10, 0;
    %pushi/vec4 19, 0, 7;
    %store/vec4 v0x55d734a04720_0, 0, 7;
    %delay 10, 0;
    %pushi/vec4 55, 0, 7;
    %store/vec4 v0x55d734a04720_0, 0, 7;
    %delay 10, 0;
    %pushi/vec4 111, 0, 7;
    %store/vec4 v0x55d734a04720_0, 0, 7;
    %delay 10, 0;
    %pushi/vec4 55, 0, 7;
    %store/vec4 v0x55d734a04720_0, 0, 7;
    %delay 10, 0;
    %end;
    .thread T_1;
    .scope S_0x55d7349a5d50;
T_2 ;
    %vpi_call 2 44 "$dumpfile", "typedecode.vcd" {0 0 0};
    %vpi_call 2 45 "$dumpvars", 32'sb00000000000000000000000000000000, S_0x55d7349a5d50 {0 0 0};
    %end;
    .thread T_2;
# The file index is used to find the file name in the following table.
:file_names 4;
    "N/A";
    "<interactive>";
    "typedecode_tb.v";
    "typedecode.v";
