#! /usr/bin/vvp
:ivl_version "11.0 (stable)";
:ivl_delay_selection "TYPICAL";
:vpi_time_precision + 0;
:vpi_module "/usr/lib/x86_64-linux-gnu/ivl/system.vpi";
:vpi_module "/usr/lib/x86_64-linux-gnu/ivl/vhdl_sys.vpi";
:vpi_module "/usr/lib/x86_64-linux-gnu/ivl/vhdl_textio.vpi";
:vpi_module "/usr/lib/x86_64-linux-gnu/ivl/v2005_math.vpi";
:vpi_module "/usr/lib/x86_64-linux-gnu/ivl/va_math.vpi";
S_0x558268925960 .scope module, "wr" "wr" 2 3;
 .timescale 0 0;
o0x7f9b28e2d018 .functor BUFZ 32, C4<zzzzzzzzzzzzzzzzzzzzzzzzzzzzzzzz>; HiZ drive
v0x558268936fa0_0 .net "Imm_out", 31 0, o0x7f9b28e2d018;  0 drivers
v0x558268937080_0 .net "data", 31 0, v0x558268936d00_0;  1 drivers
o0x7f9b28e2d0d8 .functor BUFZ 3, C4<zzz>; HiZ drive
v0x558268937120_0 .net "memtoreg", 2 0, o0x7f9b28e2d0d8;  0 drivers
o0x7f9b28e2d078 .functor BUFZ 32, C4<zzzzzzzzzzzzzzzzzzzzzzzzzzzzzzzz>; HiZ drive
v0x558268937220_0 .net "outO", 31 0, o0x7f9b28e2d078;  0 drivers
o0x7f9b28e2d048 .functor BUFZ 32, C4<zzzzzzzzzzzzzzzzzzzzzzzzzzzzzzzz>; HiZ drive
v0x5582689372c0_0 .net "wrap_load_out", 31 0, o0x7f9b28e2d048;  0 drivers
S_0x558268925af0 .scope module, "u_multiplexer3" "mux3" 2 17, 3 1 0, S_0x558268925960;
 .timescale 0 0;
    .port_info 0 /INPUT 32 "A3";
    .port_info 1 /INPUT 32 "B3";
    .port_info 2 /INPUT 32 "C3";
    .port_info 3 /INPUT 32 "D3";
    .port_info 4 /INPUT 32 "E3";
    .port_info 5 /INPUT 3 "Selpin";
    .port_info 6 /OUTPUT 32 "Outter";
v0x5582688ea7b0_0 .net "A3", 31 0, o0x7f9b28e2d018;  alias, 0 drivers
v0x5582688eaba0_0 .net "B3", 31 0, o0x7f9b28e2d048;  alias, 0 drivers
v0x558268936a40_0 .net "C3", 31 0, o0x7f9b28e2d078;  alias, 0 drivers
v0x558268936b00_0 .net "D3", 31 0, o0x7f9b28e2d078;  alias, 0 drivers
v0x558268936bc0_0 .net "E3", 31 0, o0x7f9b28e2d078;  alias, 0 drivers
v0x558268936d00_0 .var "Outter", 31 0;
v0x558268936de0_0 .net "Selpin", 2 0, o0x7f9b28e2d0d8;  alias, 0 drivers
E_0x55826890c9b0/0 .event edge, v0x558268936de0_0, v0x5582688ea7b0_0, v0x5582688eaba0_0, v0x558268936a40_0;
E_0x55826890c9b0/1 .event edge, v0x558268936a40_0, v0x558268936a40_0;
E_0x55826890c9b0 .event/or E_0x55826890c9b0/0, E_0x55826890c9b0/1;
    .scope S_0x558268925af0;
T_0 ;
    %wait E_0x55826890c9b0;
    %load/vec4 v0x558268936de0_0;
    %cmpi/e 0, 0, 3;
    %jmp/0xz  T_0.0, 4;
    %load/vec4 v0x5582688ea7b0_0;
    %store/vec4 v0x558268936d00_0, 0, 32;
    %jmp T_0.1;
T_0.0 ;
    %load/vec4 v0x558268936de0_0;
    %cmpi/e 1, 0, 3;
    %jmp/0xz  T_0.2, 4;
    %load/vec4 v0x5582688eaba0_0;
    %addi 4, 0, 32;
    %store/vec4 v0x558268936d00_0, 0, 32;
    %jmp T_0.3;
T_0.2 ;
    %load/vec4 v0x558268936de0_0;
    %cmpi/e 2, 0, 3;
    %jmp/0xz  T_0.4, 4;
    %load/vec4 v0x558268936a40_0;
    %addi 4, 0, 32;
    %store/vec4 v0x558268936d00_0, 0, 32;
    %jmp T_0.5;
T_0.4 ;
    %load/vec4 v0x558268936de0_0;
    %cmpi/e 3, 0, 3;
    %jmp/0xz  T_0.6, 4;
    %load/vec4 v0x558268936b00_0;
    %store/vec4 v0x558268936d00_0, 0, 32;
    %jmp T_0.7;
T_0.6 ;
    %load/vec4 v0x558268936de0_0;
    %cmpi/e 4, 0, 3;
    %jmp/0xz  T_0.8, 4;
    %load/vec4 v0x558268936bc0_0;
    %store/vec4 v0x558268936d00_0, 0, 32;
T_0.8 ;
T_0.7 ;
T_0.5 ;
T_0.3 ;
T_0.1 ;
    %jmp T_0;
    .thread T_0, $push;
# The file index is used to find the file name in the following table.
:file_names 4;
    "N/A";
    "<interactive>";
    "write_back.v";
    "./mux3.v";
